#
# There is insufficient memory for the Java Runtime Environment to continue.
# Native memory allocation (malloc) failed to allocate 1655472 bytes. Error detail: Chunk::new
# Possible reasons:
#   The system is out of physical RAM or swap space
#   This process is running with CompressedOops enabled, and the Java Heap may be blocking the growth of the native heap
# Possible solutions:
#   Reduce memory load on the system
#   Increase physical memory or swap space
#   Check if swap backing store is full
#   Decrease Java heap size (-Xmx/-Xms)
#   Decrease number of Java threads
#   Decrease Java thread stack sizes (-Xss)
#   Set larger code cache with -XX:ReservedCodeCacheSize=
#   JVM is running with Unscaled Compressed Oops mode in which the Java heap is
#     placed in the first 4GB address space. The Java Heap base address is the
#     maximum limit for the native heap growth. Please use -XX:HeapBaseMinAddress
#     to set the Java Heap base and to place the Java Heap above 4GB virtual address.
# This output file may be truncated or incomplete.
#
#  Out of Memory Error (arena.cpp:168), pid=19496, tid=19504
#
# JRE version: OpenJDK Runtime Environment Temurin-21.0.8+9 (21.0.8+9) (build 21.0.8+9-LTS)
# Java VM: OpenJDK 64-Bit Server VM Temurin-21.0.8+9 (21.0.8+9-LTS, mixed mode, sharing, tiered, compressed oops, compressed class ptrs, parallel gc, windows-amd64)
# No core dump will be written. Minidumps are not enabled by default on client versions of Windows
#

---------------  S U M M A R Y ------------

Command Line: --add-modules=ALL-SYSTEM --add-opens=java.base/java.util=ALL-UNNAMED --add-opens=java.base/java.lang=ALL-UNNAMED --add-opens=java.base/sun.nio.fs=ALL-UNNAMED -Declipse.application=org.eclipse.jdt.ls.core.id1 -Dosgi.bundles.defaultStartLevel=4 -Declipse.product=org.eclipse.jdt.ls.core.product -Djava.import.generatesMetadataFilesAtProjectRoot=false -DDetectVMInstallationsJob.disabled=true -Dfile.encoding=utf8 -XX:+UseParallelGC -XX:GCTimeRatio=4 -XX:AdaptiveSizePolicyWeight=90 -Dsun.zip.disableMemoryMapping=true -Xmx2G -Xms100m -Xlog:disable -javaagent:c:\Users\josue\.vscode\extensions\redhat.java-1.45.0-win32-x64\lombok\lombok-1.18.39-4050.jar -XX:+HeapDumpOnOutOfMemoryError -XX:HeapDumpPath=c:\Users\josue\AppData\Roaming\Code\User\workspaceStorage\ff90923b16a299108da0e72498caaac4\redhat.java -Daether.dependencyCollector.impl=bf c:\Users\josue\.vscode\extensions\redhat.java-1.45.0-win32-x64\server\plugins\org.eclipse.equinox.launcher_1.7.0.v20250519-0528.jar -configuration c:\Users\josue\AppData\Roaming\Code\User\globalStorage\redhat.java\1.45.0\config_win -data c:\Users\josue\AppData\Roaming\Code\User\workspaceStorage\ff90923b16a299108da0e72498caaac4\redhat.java\jdt_ws --pipe=\\.\pipe\lsp-e7658593248c7adb422aff36a3123299-sock

Host: Intel(R) Celeron(R) N5100 @ 1.10GHz, 4 cores, 3G,  Windows 11 , 64 bit Build 26100 (10.0.26100.3775)
Time: Sat Sep 27 23:07:09 2025 Hora estándar, América Central elapsed time: 56.379903 seconds (0d 0h 0m 56s)

---------------  T H R E A D  ---------------

Current thread (0x000001ebd7debee0):  JavaThread "C2 CompilerThread0" daemon [_thread_in_native, id=19504, stack(0x0000000a60000000,0x0000000a60100000) (1024K)]


Current CompileTask:
C2:56380 3292       4       java.lang.invoke.MethodType::makeImpl (109 bytes)

Stack: [0x0000000a60000000,0x0000000a60100000]
Native frames: (J=compiled Java code, j=interpreted, Vv=VM code, C=native code)
V  [jvm.dll+0x6d2449]
V  [jvm.dll+0x8ae341]
V  [jvm.dll+0x8b08be]
V  [jvm.dll+0x8b0fa3]
V  [jvm.dll+0x280c96]
V  [jvm.dll+0xc581d]
V  [jvm.dll+0xc5d53]
V  [jvm.dll+0x3b919c]
V  [jvm.dll+0x385315]
V  [jvm.dll+0x38477a]
V  [jvm.dll+0x248ed0]
V  [jvm.dll+0x2484af]
V  [jvm.dll+0x1c89ee]
V  [jvm.dll+0x257d4d]
V  [jvm.dll+0x2562ea]
V  [jvm.dll+0x3f2d16]
V  [jvm.dll+0x857e6b]
V  [jvm.dll+0x6d0b0d]
C  [ucrtbase.dll+0x37b0]
C  [KERNEL32.DLL+0x2e8d7]
C  [ntdll.dll+0xb14fc]


---------------  P R O C E S S  ---------------

Threads class SMR info:
_java_thread_list=0x000001ebef72a300, length=21, elements={
0x000001ebd7eea5e0, 0x000001ebd7dd8db0, 0x000001ebd7ddc4c0, 0x000001ebd7ddec80,
0x000001ebd7ddf8d0, 0x000001ebd7de8650, 0x000001ebd7deb0b0, 0x000001ebd7debee0,
0x000001ebd7e5e0f0, 0x000001ebef4a6310, 0x000001ebef7208e0, 0x000001ebef512aa0,
0x000001ebf42bc780, 0x000001ebf454af60, 0x000001ebf43a5e00, 0x000001ebf474c330,
0x000001ebf4c542d0, 0x000001ebf449eb40, 0x000001ebf449d790, 0x000001ebf449bd50,
0x000001ebf449de20
}

Java Threads: ( => current thread )
  0x000001ebd7eea5e0 JavaThread "main"                              [_thread_blocked, id=19544, stack(0x0000000a5f600000,0x0000000a5f700000) (1024K)]
  0x000001ebd7dd8db0 JavaThread "Reference Handler"          daemon [_thread_blocked, id=19540, stack(0x0000000a5fa00000,0x0000000a5fb00000) (1024K)]
  0x000001ebd7ddc4c0 JavaThread "Finalizer"                  daemon [_thread_blocked, id=18660, stack(0x0000000a5fb00000,0x0000000a5fc00000) (1024K)]
  0x000001ebd7ddec80 JavaThread "Signal Dispatcher"          daemon [_thread_blocked, id=19520, stack(0x0000000a5fc00000,0x0000000a5fd00000) (1024K)]
  0x000001ebd7ddf8d0 JavaThread "Attach Listener"            daemon [_thread_blocked, id=12176, stack(0x0000000a5fd00000,0x0000000a5fe00000) (1024K)]
  0x000001ebd7de8650 JavaThread "Service Thread"             daemon [_thread_blocked, id=19516, stack(0x0000000a5fe00000,0x0000000a5ff00000) (1024K)]
  0x000001ebd7deb0b0 JavaThread "Monitor Deflation Thread"   daemon [_thread_blocked, id=19512, stack(0x0000000a5ff00000,0x0000000a60000000) (1024K)]
=>0x000001ebd7debee0 JavaThread "C2 CompilerThread0"         daemon [_thread_in_native, id=19504, stack(0x0000000a60000000,0x0000000a60100000) (1024K)]
  0x000001ebd7e5e0f0 JavaThread "C1 CompilerThread0"         daemon [_thread_blocked, id=19500, stack(0x0000000a60100000,0x0000000a60200000) (1024K)]
  0x000001ebef4a6310 JavaThread "Common-Cleaner"             daemon [_thread_blocked, id=19636, stack(0x0000000a60200000,0x0000000a60300000) (1024K)]
  0x000001ebef7208e0 JavaThread "Notification Thread"        daemon [_thread_blocked, id=6936, stack(0x0000000a60300000,0x0000000a60400000) (1024K)]
  0x000001ebef512aa0 JavaThread "Active Thread: Equinox Container: 5848cee3-67fa-47bc-84f0-e2c4c27e1bab"        [_thread_blocked, id=16744, stack(0x0000000a60700000,0x0000000a60800000) (1024K)]
  0x000001ebf42bc780 JavaThread "Refresh Thread: Equinox Container: 5848cee3-67fa-47bc-84f0-e2c4c27e1bab" daemon [_thread_blocked, id=8172, stack(0x0000000a60800000,0x0000000a60900000) (1024K)]
  0x000001ebf454af60 JavaThread "Framework Event Dispatcher: Equinox Container: 5848cee3-67fa-47bc-84f0-e2c4c27e1bab" daemon [_thread_blocked, id=17288, stack(0x0000000a60900000,0x0000000a60a00000) (1024K)]
  0x000001ebf43a5e00 JavaThread "Start Level: Equinox Container: 5848cee3-67fa-47bc-84f0-e2c4c27e1bab" daemon [_thread_in_Java, id=13636, stack(0x0000000a60a00000,0x0000000a60b00000) (1024K)]
  0x000001ebf474c330 JavaThread "Bundle File Closer"         daemon [_thread_blocked, id=15692, stack(0x0000000a60b00000,0x0000000a60c00000) (1024K)]
  0x000001ebf4c542d0 JavaThread "SCR Component Actor"        daemon [_thread_blocked, id=7616, stack(0x0000000a60c00000,0x0000000a60d00000) (1024K)]
  0x000001ebf449eb40 JavaThread "Worker-JM"                         [_thread_blocked, id=12056, stack(0x0000000a60e00000,0x0000000a60f00000) (1024K)]
  0x000001ebf449d790 JavaThread "Worker-0: Checking project encoding"        [_thread_blocked, id=18336, stack(0x0000000a60d00000,0x0000000a60e00000) (1024K)]
  0x000001ebf449bd50 JavaThread "Worker-1"                          [_thread_blocked, id=18156, stack(0x0000000a60f00000,0x0000000a61000000) (1024K)]
  0x000001ebf449de20 JavaThread "SCR Component Registry"     daemon [_thread_blocked, id=20812, stack(0x0000000a61000000,0x0000000a61100000) (1024K)]
Total: 21

Other Threads:
  0x000001ebd7faa340 VMThread "VM Thread"                           [id=19536, stack(0x0000000a5f900000,0x0000000a5fa00000) (1024K)]
  0x000001ebd7d7cb00 WatcherThread "VM Periodic Task Thread"        [id=17156, stack(0x0000000a5f800000,0x0000000a5f900000) (1024K)]
  0x000001ebd7f08ee0 WorkerThread "GC Thread#0"                     [id=9228, stack(0x0000000a5f700000,0x0000000a5f800000) (1024K)]
  0x000001ebf4116ea0 WorkerThread "GC Thread#1"                     [id=8056, stack(0x0000000a60400000,0x0000000a60500000) (1024K)]
  0x000001ebf4117240 WorkerThread "GC Thread#2"                     [id=12116, stack(0x0000000a60500000,0x0000000a60600000) (1024K)]
  0x000001ebf41175e0 WorkerThread "GC Thread#3"                     [id=21080, stack(0x0000000a60600000,0x0000000a60700000) (1024K)]
Total: 6

Threads with active compile tasks:
C2 CompilerThread0  56510 3292       4       java.lang.invoke.MethodType::makeImpl (109 bytes)
Total: 1

VM state: not at safepoint (normal execution)

VM Mutex/Monitor currently owned by a thread: None

Heap address: 0x0000000080000000, size: 2048 MB, Compressed Oops mode: 32-bit

CDS archive(s) mapped at: [0x000001eb80000000-0x000001eb80ba0000-0x000001eb80ba0000), size 12189696, SharedBaseAddress: 0x000001eb80000000, ArchiveRelocationMode: 1.
Compressed class space mapped at: 0x000001eb81000000-0x000001ebc1000000, reserved size: 1073741824
Narrow klass base: 0x000001eb80000000, Narrow klass shift: 0, Narrow klass range: 0x100000000

GC Precious Log:
 CardTable entry size: 512
 CPUs: 4 total, 4 available
 Memory: 3911M
 Large Page Support: Disabled
 NUMA Support: Disabled
 Compressed Oops: Enabled (32-bit)
 Alignments: Space 512K, Generation 512K, Heap 2M
 Heap Min Capacity: 100M
 Heap Initial Capacity: 100M
 Heap Max Capacity: 2G
 Pre-touch: Disabled
 Parallel Workers: 4

Heap:
 PSYoungGen      total 29184K, used 10782K [0x00000000d5580000, 0x00000000d7a00000, 0x0000000100000000)
  eden space 25088K, 26% used [0x00000000d5580000,0x00000000d5c0b930,0x00000000d6e00000)
  from space 4096K, 99% used [0x00000000d6e80000,0x00000000d727c298,0x00000000d7280000)
  to   space 6144K, 0% used [0x00000000d7400000,0x00000000d7400000,0x00000000d7a00000)
 ParOldGen       total 68608K, used 7902K [0x0000000080000000, 0x0000000084300000, 0x00000000d5580000)
  object space 68608K, 11% used [0x0000000080000000,0x00000000807b7ad0,0x0000000084300000)
 Metaspace       used 16247K, committed 16896K, reserved 1114112K
  class space    used 1677K, committed 1984K, reserved 1048576K

Card table byte_map: [0x000001ebd7890000,0x000001ebd7ca0000] _byte_map_base: 0x000001ebd7490000

Marking Bits: (ParMarkBitMap*) 0x00007ff95e7da340
 Begin Bits: [0x000001ebea390000, 0x000001ebec390000)
 End Bits:   [0x000001ebec390000, 0x000001ebee390000)

Polling page: 0x000001ebd7510000

Metaspace:

Usage:
  Non-class:     14.23 MB used.
      Class:      1.64 MB used.
       Both:     15.87 MB used.

Virtual space:
  Non-class space:       64.00 MB reserved,      14.56 MB ( 23%) committed,  1 nodes.
      Class space:        1.00 GB reserved,       1.94 MB ( <1%) committed,  1 nodes.
             Both:        1.06 GB reserved,      16.50 MB (  2%) committed. 

Chunk freelists:
   Non-Class:  1.16 MB
       Class:  14.03 MB
        Both:  15.19 MB

MaxMetaspaceSize: unlimited
CompressedClassSpaceSize: 1.00 GB
Initial GC threshold: 21.00 MB
Current GC threshold: 21.00 MB
CDS: on
 - commit_granule_bytes: 65536.
 - commit_granule_words: 8192.
 - virtual_space_node_default_size: 8388608.
 - enlarge_chunks_in_place: 1.
 - use_allocation_guard: 0.


Internal statistics:

num_allocs_failed_limit: 0.
num_arena_births: 480.
num_arena_deaths: 0.
num_vsnodes_births: 2.
num_vsnodes_deaths: 0.
num_space_committed: 264.
num_space_uncommitted: 0.
num_chunks_returned_to_freelist: 0.
num_chunks_taken_from_freelist: 1046.
num_chunk_merges: 0.
num_chunk_splits: 666.
num_chunks_enlarged: 426.
num_inconsistent_stats: 0.

CodeHeap 'non-profiled nmethods': size=120000Kb used=1427Kb max_used=1427Kb free=118572Kb
 bounds [0x000001ebe2bb0000, 0x000001ebe2e20000, 0x000001ebea0e0000]
CodeHeap 'profiled nmethods': size=120000Kb used=6834Kb max_used=6834Kb free=113165Kb
 bounds [0x000001ebdb0e0000, 0x000001ebdb790000, 0x000001ebe2610000]
CodeHeap 'non-nmethods': size=5760Kb used=1259Kb max_used=1274Kb free=4500Kb
 bounds [0x000001ebe2610000, 0x000001ebe2880000, 0x000001ebe2bb0000]
CodeCache: size=245760Kb, used=9520Kb, max_used=9535Kb, free=236237Kb
 total_blobs=3869, nmethods=3335, adapters=441, full_count=0
Compilation: enabled, stopped_count=0, restarted_count=0

Compilation events (20 events):
Event: 54.992 Thread 0x000001ebd7e5e0f0 3310       3       java.lang.invoke.MethodTypeForm::<init> (322 bytes)
Event: 54.996 Thread 0x000001ebd7e5e0f0 nmethod 3310 0x000001ebdb783910 code [0x000001ebdb783c00, 0x000001ebdb785078]
Event: 55.021 Thread 0x000001ebd7e5e0f0 3312       3       jdk.internal.org.objectweb.asm.FieldWriter::computeFieldInfoSize (86 bytes)
Event: 55.022 Thread 0x000001ebd7e5e0f0 nmethod 3312 0x000001ebdb785690 code [0x000001ebdb785880, 0x000001ebdb785b60]
Event: 55.023 Thread 0x000001ebd7e5e0f0 3313       3       jdk.internal.org.objectweb.asm.FieldWriter::putFieldInfo (269 bytes)
Event: 55.025 Thread 0x000001ebd7e5e0f0 nmethod 3313 0x000001ebdb785c90 code [0x000001ebdb785f20, 0x000001ebdb786810]
Event: 55.031 Thread 0x000001ebd7e5e0f0 3317       3       java.lang.invoke.BoundMethodHandle::editor (8 bytes)
Event: 55.032 Thread 0x000001ebd7e5e0f0 nmethod 3317 0x000001ebdb786b90 code [0x000001ebdb786d60, 0x000001ebdb7870a8]
Event: 55.038 Thread 0x000001ebd7e5e0f0 3318       1       org.apache.felix.scr.impl.manager.AbstractComponentManager$State::isEnabled (5 bytes)
Event: 55.038 Thread 0x000001ebd7e5e0f0 nmethod 3318 0x000001ebe2d13910 code [0x000001ebe2d13aa0, 0x000001ebe2d13b70]
Event: 55.158 Thread 0x000001ebd7e5e0f0 3319       3       org.eclipse.osgi.internal.serviceregistry.ServiceRegistrationImpl::compareTo (27 bytes)
Event: 55.160 Thread 0x000001ebd7e5e0f0 nmethod 3319 0x000001ebdb787290 code [0x000001ebdb787480, 0x000001ebdb787a88]
Event: 55.231 Thread 0x000001ebd7e5e0f0 3320       3       org.eclipse.osgi.internal.log.LoggerImpl::isTraceEnabled (11 bytes)
Event: 55.231 Thread 0x000001ebd7e5e0f0 nmethod 3320 0x000001ebdb787c10 code [0x000001ebdb787dc0, 0x000001ebdb787fa8]
Event: 56.278 Thread 0x000001ebd7e5e0f0 3321   !   3       org.eclipse.osgi.framework.util.SecureAction::start (61 bytes)
Event: 56.279 Thread 0x000001ebd7e5e0f0 nmethod 3321 0x000001ebdb788090 code [0x000001ebdb788260, 0x000001ebdb788528]
Event: 56.293 Thread 0x000001ebd7e5e0f0 3322       1       org.apache.felix.scr.impl.BundleComponentActivator::getBundleContext (5 bytes)
Event: 56.293 Thread 0x000001ebd7e5e0f0 nmethod 3322 0x000001ebe2d13c10 code [0x000001ebe2d13da0, 0x000001ebe2d13e68]
Event: 56.294 Thread 0x000001ebd7e5e0f0 3323       3       java.lang.Module::isExported (18 bytes)
Event: 56.295 Thread 0x000001ebd7e5e0f0 nmethod 3323 0x000001ebdb788690 code [0x000001ebdb788880, 0x000001ebdb788c78]

GC Heap History (10 events):
Event: 20.644 GC heap before
{Heap before GC invocations=1 (full 0):
 PSYoungGen      total 29696K, used 25600K [0x00000000d5580000, 0x00000000d7680000, 0x0000000100000000)
  eden space 25600K, 100% used [0x00000000d5580000,0x00000000d6e80000,0x00000000d6e80000)
  from space 4096K, 0% used [0x00000000d7280000,0x00000000d7280000,0x00000000d7680000)
  to   space 4096K, 0% used [0x00000000d6e80000,0x00000000d6e80000,0x00000000d7280000)
 ParOldGen       total 68608K, used 0K [0x0000000080000000, 0x0000000084300000, 0x00000000d5580000)
  object space 68608K, 0% used [0x0000000080000000,0x0000000080000000,0x0000000084300000)
 Metaspace       used 4373K, committed 4608K, reserved 1114112K
  class space    used 474K, committed 576K, reserved 1048576K
}
Event: 20.660 GC heap after
{Heap after GC invocations=1 (full 0):
 PSYoungGen      total 29696K, used 3319K [0x00000000d5580000, 0x00000000d7680000, 0x0000000100000000)
  eden space 25600K, 0% used [0x00000000d5580000,0x00000000d5580000,0x00000000d6e80000)
  from space 4096K, 81% used [0x00000000d6e80000,0x00000000d71bde28,0x00000000d7280000)
  to   space 4096K, 0% used [0x00000000d7280000,0x00000000d7280000,0x00000000d7680000)
 ParOldGen       total 68608K, used 16K [0x0000000080000000, 0x0000000084300000, 0x00000000d5580000)
  object space 68608K, 0% used [0x0000000080000000,0x0000000080004000,0x0000000084300000)
 Metaspace       used 4373K, committed 4608K, reserved 1114112K
  class space    used 474K, committed 576K, reserved 1048576K
}
Event: 37.060 GC heap before
{Heap before GC invocations=2 (full 0):
 PSYoungGen      total 29696K, used 28919K [0x00000000d5580000, 0x00000000d7680000, 0x0000000100000000)
  eden space 25600K, 100% used [0x00000000d5580000,0x00000000d6e80000,0x00000000d6e80000)
  from space 4096K, 81% used [0x00000000d6e80000,0x00000000d71bde28,0x00000000d7280000)
  to   space 4096K, 0% used [0x00000000d7280000,0x00000000d7280000,0x00000000d7680000)
 ParOldGen       total 68608K, used 16K [0x0000000080000000, 0x0000000084300000, 0x00000000d5580000)
  object space 68608K, 0% used [0x0000000080000000,0x0000000080004000,0x0000000084300000)
 Metaspace       used 8043K, committed 8320K, reserved 1114112K
  class space    used 840K, committed 960K, reserved 1048576K
}
Event: 37.074 GC heap after
{Heap after GC invocations=2 (full 0):
 PSYoungGen      total 29696K, used 4069K [0x00000000d5580000, 0x00000000d7680000, 0x0000000100000000)
  eden space 25600K, 0% used [0x00000000d5580000,0x00000000d5580000,0x00000000d6e80000)
  from space 4096K, 99% used [0x00000000d7280000,0x00000000d7679780,0x00000000d7680000)
  to   space 4096K, 0% used [0x00000000d6e80000,0x00000000d6e80000,0x00000000d7280000)
 ParOldGen       total 68608K, used 1810K [0x0000000080000000, 0x0000000084300000, 0x00000000d5580000)
  object space 68608K, 2% used [0x0000000080000000,0x00000000801c48e0,0x0000000084300000)
 Metaspace       used 8043K, committed 8320K, reserved 1114112K
  class space    used 840K, committed 960K, reserved 1048576K
}
Event: 41.833 GC heap before
{Heap before GC invocations=3 (full 0):
 PSYoungGen      total 29696K, used 29669K [0x00000000d5580000, 0x00000000d7680000, 0x0000000100000000)
  eden space 25600K, 100% used [0x00000000d5580000,0x00000000d6e80000,0x00000000d6e80000)
  from space 4096K, 99% used [0x00000000d7280000,0x00000000d7679780,0x00000000d7680000)
  to   space 4096K, 0% used [0x00000000d6e80000,0x00000000d6e80000,0x00000000d7280000)
 ParOldGen       total 68608K, used 1810K [0x0000000080000000, 0x0000000084300000, 0x00000000d5580000)
  object space 68608K, 2% used [0x0000000080000000,0x00000000801c48e0,0x0000000084300000)
 Metaspace       used 9470K, committed 9792K, reserved 1114112K
  class space    used 1007K, committed 1152K, reserved 1048576K
}
Event: 41.852 GC heap after
{Heap after GC invocations=3 (full 0):
 PSYoungGen      total 29696K, used 4073K [0x00000000d5580000, 0x00000000d7680000, 0x0000000100000000)
  eden space 25600K, 0% used [0x00000000d5580000,0x00000000d5580000,0x00000000d6e80000)
  from space 4096K, 99% used [0x00000000d6e80000,0x00000000d727a558,0x00000000d7280000)
  to   space 4096K, 0% used [0x00000000d7280000,0x00000000d7280000,0x00000000d7680000)
 ParOldGen       total 68608K, used 4913K [0x0000000080000000, 0x0000000084300000, 0x00000000d5580000)
  object space 68608K, 7% used [0x0000000080000000,0x00000000804cc4d0,0x0000000084300000)
 Metaspace       used 9470K, committed 9792K, reserved 1114112K
  class space    used 1007K, committed 1152K, reserved 1048576K
}
Event: 46.205 GC heap before
{Heap before GC invocations=4 (full 0):
 PSYoungGen      total 29696K, used 29553K [0x00000000d5580000, 0x00000000d7680000, 0x0000000100000000)
  eden space 25600K, 99% used [0x00000000d5580000,0x00000000d6e62000,0x00000000d6e80000)
  from space 4096K, 99% used [0x00000000d6e80000,0x00000000d727a558,0x00000000d7280000)
  to   space 4096K, 0% used [0x00000000d7280000,0x00000000d7280000,0x00000000d7680000)
 ParOldGen       total 68608K, used 4913K [0x0000000080000000, 0x0000000084300000, 0x00000000d5580000)
  object space 68608K, 7% used [0x0000000080000000,0x00000000804cc4d0,0x0000000084300000)
 Metaspace       used 12272K, committed 12672K, reserved 1114112K
  class space    used 1301K, committed 1472K, reserved 1048576K
}
Event: 46.219 GC heap after
{Heap after GC invocations=4 (full 0):
 PSYoungGen      total 29696K, used 4091K [0x00000000d5580000, 0x00000000d7680000, 0x0000000100000000)
  eden space 25600K, 0% used [0x00000000d5580000,0x00000000d5580000,0x00000000d6e80000)
  from space 4096K, 99% used [0x00000000d7280000,0x00000000d767ecb0,0x00000000d7680000)
  to   space 4096K, 0% used [0x00000000d6e80000,0x00000000d6e80000,0x00000000d7280000)
 ParOldGen       total 68608K, used 6424K [0x0000000080000000, 0x0000000084300000, 0x00000000d5580000)
  object space 68608K, 9% used [0x0000000080000000,0x0000000080646110,0x0000000084300000)
 Metaspace       used 12272K, committed 12672K, reserved 1114112K
  class space    used 1301K, committed 1472K, reserved 1048576K
}
Event: 54.284 GC heap before
{Heap before GC invocations=5 (full 0):
 PSYoungGen      total 29696K, used 29691K [0x00000000d5580000, 0x00000000d7680000, 0x0000000100000000)
  eden space 25600K, 100% used [0x00000000d5580000,0x00000000d6e80000,0x00000000d6e80000)
  from space 4096K, 99% used [0x00000000d7280000,0x00000000d767ecb0,0x00000000d7680000)
  to   space 4096K, 0% used [0x00000000d6e80000,0x00000000d6e80000,0x00000000d7280000)
 ParOldGen       total 68608K, used 6424K [0x0000000080000000, 0x0000000084300000, 0x00000000d5580000)
  object space 68608K, 9% used [0x0000000080000000,0x0000000080646110,0x0000000084300000)
 Metaspace       used 15406K, committed 15936K, reserved 1114112K
  class space    used 1573K, committed 1792K, reserved 1048576K
}
Event: 54.294 GC heap after
{Heap after GC invocations=5 (full 0):
 PSYoungGen      total 29184K, used 4080K [0x00000000d5580000, 0x00000000d7a00000, 0x0000000100000000)
  eden space 25088K, 0% used [0x00000000d5580000,0x00000000d5580000,0x00000000d6e00000)
  from space 4096K, 99% used [0x00000000d6e80000,0x00000000d727c298,0x00000000d7280000)
  to   space 6144K, 0% used [0x00000000d7400000,0x00000000d7400000,0x00000000d7a00000)
 ParOldGen       total 68608K, used 7902K [0x0000000080000000, 0x0000000084300000, 0x00000000d5580000)
  object space 68608K, 11% used [0x0000000080000000,0x00000000807b7ad0,0x0000000084300000)
 Metaspace       used 15406K, committed 15936K, reserved 1114112K
  class space    used 1573K, committed 1792K, reserved 1048576K
}

Dll operation events (9 events):
Event: 0.178 Loaded shared library c:\Users\josue\.vscode\extensions\redhat.java-1.45.0-win32-x64\jre\21.0.8-win32-x86_64\bin\java.dll
Event: 1.143 Loaded shared library c:\Users\josue\.vscode\extensions\redhat.java-1.45.0-win32-x64\jre\21.0.8-win32-x86_64\bin\zip.dll
Event: 1.266 Loaded shared library C:\Users\josue\.vscode\extensions\redhat.java-1.45.0-win32-x64\jre\21.0.8-win32-x86_64\bin\instrument.dll
Event: 1.282 Loaded shared library C:\Users\josue\.vscode\extensions\redhat.java-1.45.0-win32-x64\jre\21.0.8-win32-x86_64\bin\net.dll
Event: 1.291 Loaded shared library C:\Users\josue\.vscode\extensions\redhat.java-1.45.0-win32-x64\jre\21.0.8-win32-x86_64\bin\nio.dll
Event: 1.304 Loaded shared library C:\Users\josue\.vscode\extensions\redhat.java-1.45.0-win32-x64\jre\21.0.8-win32-x86_64\bin\zip.dll
Event: 4.032 Loaded shared library C:\Users\josue\.vscode\extensions\redhat.java-1.45.0-win32-x64\jre\21.0.8-win32-x86_64\bin\jimage.dll
Event: 6.628 Loaded shared library c:\Users\josue\.vscode\extensions\redhat.java-1.45.0-win32-x64\jre\21.0.8-win32-x86_64\bin\verify.dll
Event: 37.045 Loaded shared library C:\Users\josue\AppData\Roaming\Code\User\globalStorage\redhat.java\1.45.0\config_win\org.eclipse.equinox.launcher\org.eclipse.equinox.launcher.win32.win32.x86_64_1.2.1400.v20250801-0854\eclipse_11916.dll

Deoptimization events (20 events):
Event: 47.983 Thread 0x000001ebf43a5e00 DEOPT PACKING pc=0x000001ebe2cdc7f4 sp=0x0000000a60afbdb0
Event: 47.983 Thread 0x000001ebf43a5e00 DEOPT UNPACKING pc=0x000001ebe2663a9c sp=0x0000000a60afbd40 mode 2
Event: 48.616 Thread 0x000001ebf43a5e00 Uncommon trap: trap_request=0xffffff45 fr.pc=0x000001ebe2ce0aa8 relative=0x0000000000000428
Event: 48.616 Thread 0x000001ebf43a5e00 Uncommon trap: reason=unstable_if action=reinterpret pc=0x000001ebe2ce0aa8 method=com.sun.org.apache.xerces.internal.impl.XMLEntityScanner.scanLiteral(ILcom/sun/org/apache/xerces/internal/xni/XMLString;Z)I @ 299 c2
Event: 48.616 Thread 0x000001ebf43a5e00 DEOPT PACKING pc=0x000001ebe2ce0aa8 sp=0x0000000a60afda70
Event: 48.616 Thread 0x000001ebf43a5e00 DEOPT UNPACKING pc=0x000001ebe2663a9c sp=0x0000000a60afda00 mode 2
Event: 51.806 Thread 0x000001ebf43a5e00 DEOPT PACKING pc=0x000001ebdb4de0d6 sp=0x0000000a60af37a0
Event: 51.806 Thread 0x000001ebf43a5e00 DEOPT UNPACKING pc=0x000001ebe2664223 sp=0x0000000a60af2cb0 mode 0
Event: 54.231 Thread 0x000001ebf43a5e00 Uncommon trap: trap_request=0xffffff45 fr.pc=0x000001ebe2c531d4 relative=0x00000000000000b4
Event: 54.232 Thread 0x000001ebf43a5e00 Uncommon trap: reason=unstable_if action=reinterpret pc=0x000001ebe2c531d4 method=org.eclipse.osgi.container.ModuleRevisionBuilder.unmodifiableMap(Ljava/util/Map;)Ljava/util/Map; @ 27 c2
Event: 54.232 Thread 0x000001ebf43a5e00 DEOPT PACKING pc=0x000001ebe2c531d4 sp=0x0000000a60af9ad0
Event: 54.232 Thread 0x000001ebf43a5e00 DEOPT UNPACKING pc=0x000001ebe2663a9c sp=0x0000000a60af9a50 mode 2
Event: 54.895 Thread 0x000001ebf43a5e00 Uncommon trap: trap_request=0xffffff45 fr.pc=0x000001ebe2d06224 relative=0x0000000000000084
Event: 54.895 Thread 0x000001ebf43a5e00 Uncommon trap: reason=unstable_if action=reinterpret pc=0x000001ebe2d06224 method=java.lang.ref.SoftReference.get()Ljava/lang/Object; @ 6 c2
Event: 54.895 Thread 0x000001ebf43a5e00 DEOPT PACKING pc=0x000001ebe2d06224 sp=0x0000000a60af99e0
Event: 54.895 Thread 0x000001ebf43a5e00 DEOPT UNPACKING pc=0x000001ebe2663a9c sp=0x0000000a60af9978 mode 2
Event: 55.033 Thread 0x000001ebf449d790 Uncommon trap: trap_request=0xffffff45 fr.pc=0x000001ebe2ca6760 relative=0x00000000000000c0
Event: 55.033 Thread 0x000001ebf449d790 Uncommon trap: reason=unstable_if action=reinterpret pc=0x000001ebe2ca6760 method=java.util.concurrent.locks.ReentrantLock$NonfairSync.initialTryLock()Z @ 25 c2
Event: 55.033 Thread 0x000001ebf449d790 DEOPT PACKING pc=0x000001ebe2ca6760 sp=0x0000000a60dfdbb0
Event: 55.033 Thread 0x000001ebf449d790 DEOPT UNPACKING pc=0x000001ebe2663a9c sp=0x0000000a60dfdb30 mode 2

Classes loaded (20 events):
Event: 54.234 Loading class java/util/stream/SortedOps$OfRef
Event: 54.235 Loading class java/util/stream/ReferencePipeline$StatefulOp
Event: 54.235 Loading class java/util/stream/ReferencePipeline$StatefulOp done
Event: 54.235 Loading class java/util/stream/SortedOps$OfRef done
Event: 54.255 Loading class java/util/stream/SortedOps$RefSortingSink
Event: 54.255 Loading class java/util/stream/SortedOps$AbstractRefSortingSink
Event: 54.256 Loading class java/util/stream/SortedOps$AbstractRefSortingSink done
Event: 54.256 Loading class java/util/stream/SortedOps$RefSortingSink done
Event: 54.489 Loading class java/util/zip/ZipOutputStream
Event: 54.490 Loading class java/util/zip/DeflaterOutputStream
Event: 54.491 Loading class java/util/zip/DeflaterOutputStream done
Event: 54.491 Loading class java/util/zip/ZipOutputStream done
Event: 54.716 Loading class java/io/FilenameFilter
Event: 54.717 Loading class java/io/FilenameFilter done
Event: 54.832 Loading class java/util/function/LongUnaryOperator
Event: 54.832 Loading class java/util/function/LongUnaryOperator done
Event: 54.833 Loading class java/lang/ThreadDeath
Event: 54.833 Loading class java/lang/ThreadDeath done
Event: 54.908 Loading class java/util/stream/SortedOps$SizedRefSortingSink
Event: 54.909 Loading class java/util/stream/SortedOps$SizedRefSortingSink done

Classes unloaded (0 events):
No events

Classes redefined (0 events):
No events

Internal exceptions (20 events):
Event: 48.161 Thread 0x000001ebf43a5e00 Exception <a 'java/io/FileNotFoundException'{0x00000000d5dc3358}> (0x00000000d5dc3358) 
thrown [s\src\hotspot\share\prims\jni.cpp, line 520]
Event: 50.458 Thread 0x000001ebf43a5e00 Exception <a 'java/lang/NoSuchMethodError'{0x00000000d6289cb0}: 'java.lang.Object java.lang.invoke.Invokers$Holder.linkToTargetMethod(java.lang.Object, long, java.lang.Object)'> (0x00000000d6289cb0) 
thrown [s\src\hotspot\share\interpreter\linkResolver.cpp, line 773]
Event: 52.835 Thread 0x000001ebf43a5e00 Exception <a 'java/lang/NoSuchMethodError'{0x00000000d6a83c08}: 'java.lang.Object java.lang.invoke.DirectMethodHandle$Holder.invokeVirtual(java.lang.Object, java.lang.Object, java.lang.Object)'> (0x00000000d6a83c08) 
thrown [s\src\hotspot\share\interpreter\linkResolver.cpp, line 773]
Event: 52.881 Thread 0x000001ebf43a5e00 Exception <a 'java/lang/NoSuchMethodError'{0x00000000d6a9b6a0}: 'java.lang.Object java.lang.invoke.DelegatingMethodHandle$Holder.reinvoke_L(java.lang.Object, java.lang.Object, java.lang.Object, java.lang.Object, int, int)'> (0x00000000d6a9b6a0) 
thrown [s\src\hotspot\share\interpreter\linkResolver.cpp, line 773]
Event: 52.890 Thread 0x000001ebf43a5e00 Exception <a 'java/lang/NoSuchMethodError'{0x00000000d6ab7c20}: 'java.lang.Object java.lang.invoke.DirectMethodHandle$Holder.newInvokeSpecial(java.lang.Object, java.lang.Object, java.lang.Object, java.lang.Object, java.lang.Object, java.lang.Object)'> (0x00000000d6ab7c20) 
thrown [s\src\hotspot\share\interpreter\linkResolver.cpp, line 773]
Event: 52.901 Thread 0x000001ebf43a5e00 Exception <a 'java/lang/NoSuchMethodError'{0x00000000d6ae38f8}: 'void java.lang.invoke.Invokers$Holder.invokeExact_MT(java.lang.Object, java.lang.Object, java.lang.Object, java.lang.Object)'> (0x00000000d6ae38f8) 
thrown [s\src\hotspot\share\interpreter\linkResolver.cpp, line 773]
Event: 54.083 Thread 0x000001ebf43a5e00 Exception <a 'java/io/FileNotFoundException'{0x00000000d6c31198}> (0x00000000d6c31198) 
thrown [s\src\hotspot\share\prims\jni.cpp, line 520]
Event: 54.085 Thread 0x000001ebf43a5e00 Exception <a 'java/io/FileNotFoundException'{0x00000000d6c382e8}> (0x00000000d6c382e8) 
thrown [s\src\hotspot\share\prims\jni.cpp, line 520]
Event: 54.715 Thread 0x000001ebf43a5e00 Exception <a 'java/lang/NoSuchMethodError'{0x00000000d57823c0}: 'java.lang.Object java.lang.invoke.DirectMethodHandle$Holder.newInvokeSpecial(java.lang.Object, java.lang.Object, java.lang.Object, java.lang.Object, java.lang.Object)'> (0x00000000d57823c0) 
thrown [s\src\hotspot\share\interpreter\linkResolver.cpp, line 773]
Event: 54.818 Thread 0x000001ebf43a5e00 Exception <a 'java/lang/NoSuchMethodError'{0x00000000d5887e68}: 'java.lang.Object java.lang.invoke.DirectMethodHandle$Holder.invokeSpecial(java.lang.Object, java.lang.Object, java.lang.Object, long, java.lang.Object)'> (0x00000000d5887e68) 
thrown [s\src\hotspot\share\interpreter\linkResolver.cpp, line 773]
Event: 54.824 Thread 0x000001ebf43a5e00 Exception <a 'java/lang/NoSuchMethodError'{0x00000000d588f6b0}: 'java.lang.Object java.lang.invoke.DirectMethodHandle$Holder.newInvokeSpecial(java.lang.Object, java.lang.Object, java.lang.Object, long)'> (0x00000000d588f6b0) 
thrown [s\src\hotspot\share\interpreter\linkResolver.cpp, line 773]
Event: 54.825 Thread 0x000001ebf43a5e00 Exception <a 'java/lang/NoSuchMethodError'{0x00000000d58939e0}: 'java.lang.Object java.lang.invoke.DirectMethodHandle$Holder.invokeSpecial(java.lang.Object, java.lang.Object, java.lang.Object, java.lang.Object, long)'> (0x00000000d58939e0) 
thrown [s\src\hotspot\share\interpreter\linkResolver.cpp, line 773]
Event: 54.826 Thread 0x000001ebf43a5e00 Exception <a 'java/lang/NoSuchMethodError'{0x00000000d5897600}: 'java.lang.Object java.lang.invoke.Invokers$Holder.linkToTargetMethod(java.lang.Object, java.lang.Object, long, java.lang.Object)'> (0x00000000d5897600) 
thrown [s\src\hotspot\share\interpreter\linkResolver.cpp, line 773]
Event: 54.901 Thread 0x000001ebf43a5e00 Exception <a 'java/lang/NoSuchMethodError'{0x00000000d58f81a0}: 'int java.lang.invoke.DirectMethodHandle$Holder.invokeStaticInit(java.lang.Object, java.lang.Object, java.lang.Object)'> (0x00000000d58f81a0) 
thrown [s\src\hotspot\share\interpreter\linkResolver.cpp, line 773]
Event: 54.987 Thread 0x000001ebf43a5e00 Exception <a 'java/lang/IncompatibleClassChangeError'{0x00000000d5a37e50}: Found class java.lang.Object, but interface was expected> (0x00000000d5a37e50) 
thrown [s\src\hotspot\share\interpreter\linkResolver.cpp, line 840]
Event: 55.017 Thread 0x000001ebf43a5e00 Exception <a 'java/lang/NoSuchMethodError'{0x00000000d5a3b880}: 'java.lang.Object java.lang.invoke.DirectMethodHandle$Holder.invokeSpecial(java.lang.Object, java.lang.Object, java.lang.Object, int, java.lang.Object, java.lang.Object)'> (0x00000000d5a3b880) 
thrown [s\src\hotspot\share\interpreter\linkResolver.cpp, line 773]
Event: 55.025 Thread 0x000001ebf43a5e00 Exception <a 'java/lang/NoSuchMethodError'{0x00000000d5a43298}: 'java.lang.Object java.lang.invoke.DirectMethodHandle$Holder.newInvokeSpecial(java.lang.Object, java.lang.Object, java.lang.Object, int, java.lang.Object)'> (0x00000000d5a43298) 
thrown [s\src\hotspot\share\interpreter\linkResolver.cpp, line 773]
Event: 55.026 Thread 0x000001ebf43a5e00 Exception <a 'java/lang/NoSuchMethodError'{0x00000000d5a47258}: 'java.lang.Object java.lang.invoke.DirectMethodHandle$Holder.invokeSpecial(java.lang.Object, java.lang.Object, java.lang.Object, java.lang.Object, int, java.lang.Object)'> (0x00000000d5a47258) 
thrown [s\src\hotspot\share\interpreter\linkResolver.cpp, line 773]
Event: 55.027 Thread 0x000001ebf43a5e00 Exception <a 'java/lang/NoSuchMethodError'{0x00000000d5a4ad98}: 'java.lang.Object java.lang.invoke.Invokers$Holder.linkToTargetMethod(java.lang.Object, java.lang.Object, int, java.lang.Object, java.lang.Object)'> (0x00000000d5a4ad98) 
thrown [s\src\hotspot\share\interpreter\linkResolver.cpp, line 773]
Event: 55.029 Thread 0x000001ebf449d790 Exception <a 'java/lang/NoSuchMethodError'{0x00000000d59047f0}: 'java.lang.Object java.lang.invoke.DirectMethodHandle$Holder.invokeSpecial(java.lang.Object, java.lang.Object, int, java.lang.Object, java.lang.Object)'> (0x00000000d59047f0) 
thrown [s\src\hotspot\share\interpreter\linkResolver.cpp, line 773]

ZGC Phase Switch (0 events):
No events

VM Operations (20 events):
Event: 48.227 Executing VM operation: Cleanup
Event: 48.228 Executing VM operation: Cleanup done
Event: 49.228 Executing VM operation: Cleanup
Event: 49.228 Executing VM operation: Cleanup done
Event: 50.229 Executing VM operation: Cleanup
Event: 50.229 Executing VM operation: Cleanup done
Event: 51.229 Executing VM operation: Cleanup
Event: 51.235 Executing VM operation: Cleanup done
Event: 52.235 Executing VM operation: Cleanup
Event: 52.258 Executing VM operation: Cleanup done
Event: 53.259 Executing VM operation: Cleanup
Event: 53.259 Executing VM operation: Cleanup done
Event: 54.252 Executing VM operation: HandshakeAllThreads (Deoptimize)
Event: 54.252 Executing VM operation: HandshakeAllThreads (Deoptimize) done
Event: 54.284 Executing VM operation: ParallelGCFailedAllocation (Allocation Failure)
Event: 54.294 Executing VM operation: ParallelGCFailedAllocation (Allocation Failure) done
Event: 55.295 Executing VM operation: Cleanup
Event: 55.295 Executing VM operation: Cleanup done
Event: 56.300 Executing VM operation: HandshakeAllThreads (Deoptimize)
Event: 56.300 Executing VM operation: HandshakeAllThreads (Deoptimize) done

Memory protections (0 events):
No events

Nmethod flushes (0 events):
No events

Events (20 events):
Event: 0.491 Thread 0x000001ebd7eea5e0 Thread added: 0x000001ebd7ddec80
Event: 0.492 Thread 0x000001ebd7eea5e0 Thread added: 0x000001ebd7ddf8d0
Event: 0.545 Thread 0x000001ebd7eea5e0 Thread added: 0x000001ebd7de8650
Event: 0.545 Thread 0x000001ebd7eea5e0 Thread added: 0x000001ebd7deb0b0
Event: 0.547 Thread 0x000001ebd7eea5e0 Thread added: 0x000001ebd7debee0
Event: 0.667 Thread 0x000001ebd7eea5e0 Thread added: 0x000001ebd7e5e0f0
Event: 1.075 Thread 0x000001ebd7eea5e0 Thread added: 0x000001ebef4a6310
Event: 9.262 Thread 0x000001ebd7eea5e0 Thread added: 0x000001ebef7208e0
Event: 34.391 Thread 0x000001ebd7eea5e0 Thread added: 0x000001ebef512aa0
Event: 36.967 Thread 0x000001ebd7eea5e0 Thread added: 0x000001ebf42bc780
Event: 37.935 Thread 0x000001ebf42bc780 Thread added: 0x000001ebf454af60
Event: 37.951 Thread 0x000001ebd7eea5e0 Thread added: 0x000001ebf43a5e00
Event: 42.209 Thread 0x000001ebf43a5e00 Thread added: 0x000001ebf474c330
Event: 43.500 Thread 0x000001ebf43a5e00 Thread added: 0x000001ebf4c542d0
Event: 44.840 Thread 0x000001ebf43a5e00 Thread added: 0x000001ebf449bd50
Event: 51.741 Thread 0x000001ebf43a5e00 Thread added: 0x000001ebf449eb40
Event: 54.367 Thread 0x000001ebf449bd50 Thread exited: 0x000001ebf449bd50
Event: 54.866 Thread 0x000001ebf43a5e00 Thread added: 0x000001ebf449d790
Event: 55.035 Thread 0x000001ebf43a5e00 Thread added: 0x000001ebf449bd50
Event: 55.158 Thread 0x000001ebf43a5e00 Thread added: 0x000001ebf449de20


Dynamic libraries:
0x00007ff72b2c0000 - 0x00007ff72b2ce000 	c:\Users\josue\.vscode\extensions\redhat.java-1.45.0-win32-x64\jre\21.0.8-win32-x86_64\bin\java.exe
0x00007ffa07580000 - 0x00007ffa077e0000 	C:\WINDOWS\SYSTEM32\ntdll.dll
0x00007ffa05fa0000 - 0x00007ffa06067000 	C:\WINDOWS\System32\KERNEL32.DLL
0x00007ffa04b50000 - 0x00007ffa04f1a000 	C:\WINDOWS\System32\KERNELBASE.dll
0x00007ffa048a0000 - 0x00007ffa049eb000 	C:\WINDOWS\System32\ucrtbase.dll
0x00007ff9f5720000 - 0x00007ff9f5738000 	c:\Users\josue\.vscode\extensions\redhat.java-1.45.0-win32-x64\jre\21.0.8-win32-x86_64\bin\jli.dll
0x00007ffa063b0000 - 0x00007ffa0657c000 	C:\WINDOWS\System32\USER32.dll
0x00007ffa051d0000 - 0x00007ffa051f7000 	C:\WINDOWS\System32\win32u.dll
0x00007ffa05f70000 - 0x00007ffa05f9a000 	C:\WINDOWS\System32\GDI32.dll
0x00007ffa04760000 - 0x00007ffa04891000 	C:\WINDOWS\System32\gdi32full.dll
0x00007ffa05090000 - 0x00007ffa05133000 	C:\WINDOWS\System32\msvcp_win.dll
0x00007ff9d1e00000 - 0x00007ff9d1e1e000 	c:\Users\josue\.vscode\extensions\redhat.java-1.45.0-win32-x64\jre\21.0.8-win32-x86_64\bin\VCRUNTIME140.dll
0x00007ff9f0f00000 - 0x00007ff9f1197000 	C:\WINDOWS\WinSxS\amd64_microsoft.windows.common-controls_6595b64144ccf1df_6.0.26100.3624_none_3e086962e3345f24\COMCTL32.dll
0x00007ffa060e0000 - 0x00007ffa06189000 	C:\WINDOWS\System32\msvcrt.dll
0x00007ffa05e00000 - 0x00007ffa05e2f000 	C:\WINDOWS\System32\IMM32.DLL
0x00007ff9ff0c0000 - 0x00007ff9ff0cc000 	c:\Users\josue\.vscode\extensions\redhat.java-1.45.0-win32-x64\jre\21.0.8-win32-x86_64\bin\vcruntime140_1.dll
0x00007ff9ab100000 - 0x00007ff9ab18d000 	c:\Users\josue\.vscode\extensions\redhat.java-1.45.0-win32-x64\jre\21.0.8-win32-x86_64\bin\msvcp140.dll
0x00007ff95db20000 - 0x00007ff95e8b7000 	c:\Users\josue\.vscode\extensions\redhat.java-1.45.0-win32-x64\jre\21.0.8-win32-x86_64\bin\server\jvm.dll
0x00007ffa06580000 - 0x00007ffa06632000 	C:\WINDOWS\System32\ADVAPI32.dll
0x00007ffa07190000 - 0x00007ffa07236000 	C:\WINDOWS\System32\sechost.dll
0x00007ffa05e40000 - 0x00007ffa05f56000 	C:\WINDOWS\System32\RPCRT4.dll
0x00007ffa06d80000 - 0x00007ffa06df4000 	C:\WINDOWS\System32\WS2_32.dll
0x00007ffa045b0000 - 0x00007ffa0460e000 	C:\WINDOWS\SYSTEM32\POWRPROF.dll
0x00007ff9ec040000 - 0x00007ff9ec076000 	C:\WINDOWS\SYSTEM32\WINMM.dll
0x00007ff9f7980000 - 0x00007ff9f798b000 	C:\WINDOWS\SYSTEM32\VERSION.dll
0x00007ffa04590000 - 0x00007ffa045a4000 	C:\WINDOWS\SYSTEM32\UMPDC.dll
0x00007ffa03570000 - 0x00007ffa0358a000 	C:\WINDOWS\SYSTEM32\kernel.appcore.dll
0x00007ff9f7df0000 - 0x00007ff9f7dfa000 	c:\Users\josue\.vscode\extensions\redhat.java-1.45.0-win32-x64\jre\21.0.8-win32-x86_64\bin\jimage.dll
0x00007ffa01ef0000 - 0x00007ffa02131000 	C:\WINDOWS\SYSTEM32\DBGHELP.DLL
0x00007ffa055e0000 - 0x00007ffa05962000 	C:\WINDOWS\System32\combase.dll
0x00007ffa06190000 - 0x00007ffa06266000 	C:\WINDOWS\System32\OLEAUT32.dll
0x00007ff9eb710000 - 0x00007ff9eb749000 	C:\WINDOWS\SYSTEM32\dbgcore.DLL
0x00007ffa049f0000 - 0x00007ffa04a89000 	C:\WINDOWS\System32\bcryptPrimitives.dll
0x00007ff9f7c60000 - 0x00007ff9f7c6f000 	c:\Users\josue\.vscode\extensions\redhat.java-1.45.0-win32-x64\jre\21.0.8-win32-x86_64\bin\instrument.dll
0x00007ff9d0b40000 - 0x00007ff9d0b5f000 	c:\Users\josue\.vscode\extensions\redhat.java-1.45.0-win32-x64\jre\21.0.8-win32-x86_64\bin\java.dll
0x00007ffa06650000 - 0x00007ffa06d79000 	C:\WINDOWS\System32\SHELL32.dll
0x00007ffa04f20000 - 0x00007ffa05088000 	C:\WINDOWS\System32\wintypes.dll
0x00007ffa02440000 - 0x00007ffa02c92000 	C:\WINDOWS\SYSTEM32\windows.storage.dll
0x00007ffa05380000 - 0x00007ffa0546d000 	C:\WINDOWS\System32\SHCORE.dll
0x00007ffa06070000 - 0x00007ffa060d4000 	C:\WINDOWS\System32\shlwapi.dll
0x00007ffa04670000 - 0x00007ffa0469f000 	C:\WINDOWS\SYSTEM32\profapi.dll
0x00007ff9f69a0000 - 0x00007ff9f69b8000 	c:\Users\josue\.vscode\extensions\redhat.java-1.45.0-win32-x64\jre\21.0.8-win32-x86_64\bin\zip.dll
0x00007ff9f57b0000 - 0x00007ff9f57c0000 	C:\Users\josue\.vscode\extensions\redhat.java-1.45.0-win32-x64\jre\21.0.8-win32-x86_64\bin\net.dll
0x00007ff9f6300000 - 0x00007ff9f641d000 	C:\WINDOWS\SYSTEM32\WINHTTP.dll
0x00007ffa03a90000 - 0x00007ffa03afa000 	C:\WINDOWS\system32\mswsock.dll
0x00007ff9d4dc0000 - 0x00007ff9d4dd6000 	C:\Users\josue\.vscode\extensions\redhat.java-1.45.0-win32-x64\jre\21.0.8-win32-x86_64\bin\nio.dll
0x00007ff9f4a60000 - 0x00007ff9f4a70000 	c:\Users\josue\.vscode\extensions\redhat.java-1.45.0-win32-x64\jre\21.0.8-win32-x86_64\bin\verify.dll
0x00007ff99be70000 - 0x00007ff99beb4000 	C:\Users\josue\AppData\Roaming\Code\User\globalStorage\redhat.java\1.45.0\config_win\org.eclipse.equinox.launcher\org.eclipse.equinox.launcher.win32.win32.x86_64_1.2.1400.v20250801-0854\eclipse_11916.dll
0x00007ffa06ff0000 - 0x00007ffa07186000 	C:\WINDOWS\System32\ole32.dll

JVMTI agents:
c:\Users\josue\.vscode\extensions\redhat.java-1.45.0-win32-x64\lombok\lombok-1.18.39-4050.jar path:c:\Users\josue\.vscode\extensions\redhat.java-1.45.0-win32-x64\jre\21.0.8-win32-x86_64\bin\instrument.dll, loaded, initialized, instrumentlib options:none

dbghelp: loaded successfully - version: 4.0.5 - missing functions: none
symbol engine: initialized successfully - sym options: 0x614 - pdb path: .;c:\Users\josue\.vscode\extensions\redhat.java-1.45.0-win32-x64\jre\21.0.8-win32-x86_64\bin;C:\WINDOWS\SYSTEM32;C:\WINDOWS\WinSxS\amd64_microsoft.windows.common-controls_6595b64144ccf1df_6.0.26100.3624_none_3e086962e3345f24;c:\Users\josue\.vscode\extensions\redhat.java-1.45.0-win32-x64\jre\21.0.8-win32-x86_64\bin\server;C:\Users\josue\AppData\Roaming\Code\User\globalStorage\redhat.java\1.45.0\config_win\org.eclipse.equinox.launcher\org.eclipse.equinox.launcher.win32.win32.x86_64_1.2.1400.v20250801-0854

VM Arguments:
jvm_args: --add-modules=ALL-SYSTEM --add-opens=java.base/java.util=ALL-UNNAMED --add-opens=java.base/java.lang=ALL-UNNAMED --add-opens=java.base/sun.nio.fs=ALL-UNNAMED -Declipse.application=org.eclipse.jdt.ls.core.id1 -Dosgi.bundles.defaultStartLevel=4 -Declipse.product=org.eclipse.jdt.ls.core.product -Djava.import.generatesMetadataFilesAtProjectRoot=false -DDetectVMInstallationsJob.disabled=true -Dfile.encoding=utf8 -XX:+UseParallelGC -XX:GCTimeRatio=4 -XX:AdaptiveSizePolicyWeight=90 -Dsun.zip.disableMemoryMapping=true -Xmx2G -Xms100m -Xlog:disable -javaagent:c:\Users\josue\.vscode\extensions\redhat.java-1.45.0-win32-x64\lombok\lombok-1.18.39-4050.jar -XX:+HeapDumpOnOutOfMemoryError -XX:HeapDumpPath=c:\Users\josue\AppData\Roaming\Code\User\workspaceStorage\ff90923b16a299108da0e72498caaac4\redhat.java -Daether.dependencyCollector.impl=bf 
java_command: c:\Users\josue\.vscode\extensions\redhat.java-1.45.0-win32-x64\server\plugins\org.eclipse.equinox.launcher_1.7.0.v20250519-0528.jar -configuration c:\Users\josue\AppData\Roaming\Code\User\globalStorage\redhat.java\1.45.0\config_win -data c:\Users\josue\AppData\Roaming\Code\User\workspaceStorage\ff90923b16a299108da0e72498caaac4\redhat.java\jdt_ws --pipe=\\.\pipe\lsp-e7658593248c7adb422aff36a3123299-sock
java_class_path (initial): c:\Users\josue\.vscode\extensions\redhat.java-1.45.0-win32-x64\server\plugins\org.eclipse.equinox.launcher_1.7.0.v20250519-0528.jar
Launcher Type: SUN_STANDARD

[Global flags]
    uintx AdaptiveSizePolicyWeight                 = 90                                        {product} {command line}
     intx CICompilerCount                          = 3                                         {product} {ergonomic}
    uintx GCTimeRatio                              = 4                                         {product} {command line}
     bool HeapDumpOnOutOfMemoryError               = true                                   {manageable} {command line}
    ccstr HeapDumpPath                             = c:\Users\josue\AppData\Roaming\Code\User\workspaceStorage\ff90923b16a299108da0e72498caaac4\redhat.java         {manageable} {command line}
   size_t InitialHeapSize                          = 104857600                                 {product} {command line}
   size_t MaxHeapSize                              = 2147483648                                {product} {command line}
   size_t MaxNewSize                               = 715653120                                 {product} {ergonomic}
   size_t MinHeapDeltaBytes                        = 524288                                    {product} {ergonomic}
   size_t MinHeapSize                              = 104857600                                 {product} {command line}
   size_t NewSize                                  = 34603008                                  {product} {ergonomic}
    uintx NonNMethodCodeHeapSize                   = 5832780                                {pd product} {ergonomic}
    uintx NonProfiledCodeHeapSize                  = 122912730                              {pd product} {ergonomic}
   size_t OldSize                                  = 70254592                                  {product} {ergonomic}
    uintx ProfiledCodeHeapSize                     = 122912730                              {pd product} {ergonomic}
    uintx ReservedCodeCacheSize                    = 251658240                              {pd product} {ergonomic}
     bool SegmentedCodeCache                       = true                                      {product} {ergonomic}
   size_t SoftMaxHeapSize                          = 2147483648                             {manageable} {ergonomic}
     bool UseCompressedOops                        = true                           {product lp64_product} {ergonomic}
     bool UseLargePagesIndividualAllocation        = false                                  {pd product} {ergonomic}
     bool UseParallelGC                            = true                                      {product} {command line}

Logging:
Log output configuration:
 #0: stdout all=off uptime,level,tags foldmultilines=false
 #1: stderr all=off uptime,level,tags foldmultilines=false

Environment Variables:
PATH=C:\Program Files\Common Files\Oracle\Java\javapath;C:\WINDOWS\system32;C:\WINDOWS;C:\WINDOWS\System32\Wbem;C:\WINDOWS\System32\WindowsPowerShell\v1.0\;C:\WINDOWS\System32\OpenSSH\;C:\Program Files\dotnet\;C:\Program Files\Git\cmd;C:\Program Files (x86)\Microsoft SQL Server\160\Tools\Binn\;C:\Program Files\Microsoft SQL Server\160\Tools\Binn\;C:\Program Files\Microsoft SQL Server\Client SDK\ODBC\170\Tools\Binn\;C:\Program Files\Microsoft SQL Server\160\DTS\Binn\;C:\Users\josue\AppData\Local\Microsoft\WindowsApps;C:\Users\josue\AppData\Local\Programs\Microsoft VS Code\bin;C:\Users\josue\.dotnet\tools
USERNAME=josue
OS=Windows_NT
PROCESSOR_IDENTIFIER=Intel64 Family 6 Model 156 Stepping 0, GenuineIntel
TMP=C:\Users\josue\AppData\Local\Temp
TEMP=C:\Users\josue\AppData\Local\Temp




Periodic native trim disabled

---------------  S Y S T E M  ---------------

OS:
 Windows 11 , 64 bit Build 26100 (10.0.26100.3775)
OS uptime: 4 days 1:30 hours

CPU: total 4 (initial active 4) (4 cores per cpu, 1 threads per core) family 6 model 156 stepping 0 microcode 0x24000026, cx8, cmov, fxsr, mmx, 3dnowpref, sse, sse2, sse3, ssse3, sse4.1, sse4.2, popcnt, tsc, tscinvbit, aes, erms, clmul, sha, clflush, clflushopt, clwb, rdtscp, rdpid
Processor Information for the first 4 processors :
  Max Mhz: 1114, Current Mhz: 1114, Mhz Limit: 1114

Memory: 4k page, system-wide physical 3911M (180M free)
TotalPageFile size 15687M (AvailPageFile size 1M)
current process WorkingSet (physical memory assigned to process): 114M, peak: 114M
current process commit charge ("private bytes"): 258M, peak: 259M

vm_info: OpenJDK 64-Bit Server VM (21.0.8+9-LTS) for windows-amd64 JRE (21.0.8+9-LTS), built on 2025-07-15T00:00:00Z by "admin" with MS VC++ 17.7 (VS2022)

END.
